Device: cpu
Collecting labeled clips from /tmp/excerpts_filtered
  75 clips, 32.8 min total, 22359 breath frames (11.36%)
  Train: 60 clips, Val: 15 clips (val evaluated on FULL clips, total 34520 frames)
NanoPitch: 332,873 parameters (cond=64, gru=96)
BreathHead params: 15,705
Epoch   1  loss=0.0507  Frame  P=0.429  R=0.549  F1=0.482  PR-AUC=0.447  (best @ thresh=0.30, 5058/34520 positive)  Event@100ms  P=0.181  R=0.459  F1=0.259  (56/122 matched, 310 predicted)
  ↑ Saved best to /tmp/run_v4/best.pth (PR-AUC=0.447)
Epoch   2  loss=0.0279  Frame  P=0.462  R=0.662  F1=0.544  PR-AUC=0.497  (best @ thresh=0.25, 5058/34520 positive)  Event@100ms  P=0.253  R=0.385  F1=0.305  (47/122 matched, 186 predicted)
  ↑ Saved best to /tmp/run_v4/best.pth (PR-AUC=0.497)
Epoch   3  loss=0.0239  Frame  P=0.518  R=0.623  F1=0.565  PR-AUC=0.529  (best @ thresh=0.20, 5058/34520 positive)  Event@100ms  P=0.298  R=0.393  F1=0.339  (48/122 matched, 161 predicted)
  ↑ Saved best to /tmp/run_v4/best.pth (PR-AUC=0.529)
Epoch   4  loss=0.0236  Frame  P=0.452  R=0.726  F1=0.557  PR-AUC=0.515  (best @ thresh=0.25, 5058/34520 positive)  Event@100ms  P=0.220  R=0.426  F1=0.291  (52/122 matched, 236 predicted)
Epoch   5  loss=0.0224  Frame  P=0.440  R=0.776  F1=0.561  PR-AUC=0.505  (best @ thresh=0.25, 5058/34520 positive)  Event@100ms  P=0.256  R=0.500  F1=0.339  (61/122 matched, 238 predicted)
Epoch   6  loss=0.0219  Frame  P=0.555  R=0.641  F1=0.595  PR-AUC=0.551  (best @ thresh=0.30, 5058/34520 positive)  Event@100ms  P=0.271  R=0.475  F1=0.345  (58/122 matched, 214 predicted)
  ↑ Saved best to /tmp/run_v4/best.pth (PR-AUC=0.551)
Epoch   7  loss=0.0215  Frame  P=0.480  R=0.757  F1=0.588  PR-AUC=0.546  (best @ thresh=0.25, 5058/34520 positive)  Event@100ms  P=0.262  R=0.500  F1=0.344  (61/122 matched, 233 predicted)
Epoch   8  loss=0.0216  Frame  P=0.497  R=0.731  F1=0.592  PR-AUC=0.561  (best @ thresh=0.25, 5058/34520 positive)  Event@100ms  P=0.264  R=0.508  F1=0.347  (62/122 matched, 235 predicted)
  ↑ Saved best to /tmp/run_v4/best.pth (PR-AUC=0.561)
Epoch   9  loss=0.0207  Frame  P=0.460  R=0.794  F1=0.583  PR-AUC=0.561  (best @ thresh=0.20, 5058/34520 positive)  Event@100ms  P=0.244  R=0.451  F1=0.317  (55/122 matched, 225 predicted)
Epoch  10  loss=0.0203  Frame  P=0.504  R=0.713  F1=0.590  PR-AUC=0.561  (best @ thresh=0.25, 5058/34520 positive)  Event@100ms  P=0.269  R=0.525  F1=0.356  (64/122 matched, 238 predicted)
Epoch  11  loss=0.0226  Frame  P=0.429  R=0.785  F1=0.555  PR-AUC=0.521  (best @ thresh=0.25, 5058/34520 positive)  Event@100ms  P=0.218  R=0.492  F1=0.302  (60/122 matched, 275 predicted)
Epoch  12  loss=0.0212  Frame  P=0.454  R=0.802  F1=0.580  PR-AUC=0.561  (best @ thresh=0.25, 5058/34520 positive)  Event@100ms  P=0.272  R=0.500  F1=0.353  (61/122 matched, 224 predicted)
  ↑ Saved best to /tmp/run_v4/best.pth (PR-AUC=0.561)
Epoch  13  loss=0.0208  Frame  P=0.474  R=0.786  F1=0.592  PR-AUC=0.566  (best @ thresh=0.25, 5058/34520 positive)  Event@100ms  P=0.265  R=0.484  F1=0.342  (59/122 matched, 223 predicted)
  ↑ Saved best to /tmp/run_v4/best.pth (PR-AUC=0.566)
Epoch  14  loss=0.0227  Frame  P=0.428  R=0.812  F1=0.560  PR-AUC=0.563  (best @ thresh=0.25, 5058/34520 positive)  Event@100ms  P=0.233  R=0.443  F1=0.305  (54/122 matched, 232 predicted)
Epoch  15  loss=0.0212  Frame  P=0.545  R=0.678  F1=0.604  PR-AUC=0.572  (best @ thresh=0.30, 5058/34520 positive)  Event@100ms  P=0.304  R=0.459  F1=0.366  (56/122 matched, 184 predicted)
  ↑ Saved best to /tmp/run_v4/best.pth (PR-AUC=0.572)
Epoch  16  loss=0.0203  Frame  P=0.536  R=0.710  F1=0.611  PR-AUC=0.583  (best @ thresh=0.25, 5058/34520 positive)  Event@100ms  P=0.308  R=0.467  F1=0.371  (57/122 matched, 185 predicted)
  ↑ Saved best to /tmp/run_v4/best.pth (PR-AUC=0.583)
Epoch  17  loss=0.0201  Frame  P=0.564  R=0.666  F1=0.611  PR-AUC=0.600  (best @ thresh=0.25, 5058/34520 positive)  Event@100ms  P=0.339  R=0.484  F1=0.399  (59/122 matched, 174 predicted)
  ↑ Saved best to /tmp/run_v4/best.pth (PR-AUC=0.600)
Epoch  18  loss=0.0207  Frame  P=0.500  R=0.692  F1=0.580  PR-AUC=0.563  (best @ thresh=0.25, 5058/34520 positive)  Event@100ms  P=0.318  R=0.549  F1=0.402  (67/122 matched, 211 predicted)
Epoch  19  loss=0.0207  Frame  P=0.479  R=0.763  F1=0.589  PR-AUC=0.566  (best @ thresh=0.30, 5058/34520 positive)  Event@100ms  P=0.324  R=0.549  F1=0.407  (67/122 matched, 207 predicted)
Epoch  20  loss=0.0193  Frame  P=0.576  R=0.684  F1=0.625  PR-AUC=0.605  (best @ thresh=0.25, 5058/34520 positive)  Event@100ms  P=0.387  R=0.492  F1=0.433  (60/122 matched, 155 predicted)
  ↑ Saved best to /tmp/run_v4/best.pth (PR-AUC=0.605)
Epoch  21  loss=0.0199  Frame  P=0.570  R=0.669  F1=0.616  PR-AUC=0.612  (best @ thresh=0.25, 5058/34520 positive)  Event@100ms  P=0.326  R=0.467  F1=0.384  (57/122 matched, 175 predicted)
  ↑ Saved best to /tmp/run_v4/best.pth (PR-AUC=0.612)
Epoch  22  loss=0.0203  Frame  P=0.498  R=0.766  F1=0.603  PR-AUC=0.605  (best @ thresh=0.25, 5058/34520 positive)  Event@100ms  P=0.304  R=0.484  F1=0.373  (59/122 matched, 194 predicted)
Epoch  23  loss=0.0191  Frame  P=0.561  R=0.680  F1=0.615  PR-AUC=0.597  (best @ thresh=0.25, 5058/34520 positive)  Event@100ms  P=0.351  R=0.533  F1=0.423  (65/122 matched, 185 predicted)
Epoch  24  loss=0.0192  Frame  P=0.546  R=0.687  F1=0.609  PR-AUC=0.615  (best @ thresh=0.25, 5058/34520 positive)  Event@100ms  P=0.315  R=0.508  F1=0.389  (62/122 matched, 197 predicted)
  ↑ Saved best to /tmp/run_v4/best.pth (PR-AUC=0.615)
Epoch  25  loss=0.0189  Frame  P=0.492  R=0.779  F1=0.603  PR-AUC=0.619  (best @ thresh=0.25, 5058/34520 positive)  Event@100ms  P=0.304  R=0.484  F1=0.373  (59/122 matched, 194 predicted)
  ↑ Saved best to /tmp/run_v4/best.pth (PR-AUC=0.619)
Epoch  26  loss=0.0196  Frame  P=0.592  R=0.630  F1=0.611  PR-AUC=0.616  (best @ thresh=0.30, 5058/34520 positive)  Event@100ms  P=0.324  R=0.500  F1=0.394  (61/122 matched, 188 predicted)
Epoch  27  loss=0.0194  Frame  P=0.575  R=0.650  F1=0.611  PR-AUC=0.613  (best @ thresh=0.25, 5058/34520 positive)  Event@100ms  P=0.343  R=0.500  F1=0.407  (61/122 matched, 178 predicted)
Epoch  28  loss=0.0191  Frame  P=0.486  R=0.778  F1=0.598  PR-AUC=0.610  (best @ thresh=0.25, 5058/34520 positive)  Event@100ms  P=0.306  R=0.492  F1=0.377  (60/122 matched, 196 predicted)
Epoch  29  loss=0.0190  Frame  P=0.486  R=0.776  F1=0.598  PR-AUC=0.610  (best @ thresh=0.25, 5058/34520 positive)  Event@100ms  P=0.296  R=0.484  F1=0.368  (59/122 matched, 199 predicted)
Epoch  30  loss=0.0191  Frame  P=0.492  R=0.767  F1=0.599  PR-AUC=0.610  (best @ thresh=0.25, 5058/34520 positive)  Event@100ms  P=0.297  R=0.492  F1=0.370  (60/122 matched, 202 predicted)
Epoch  31  loss=0.0204  Frame  P=0.553  R=0.663  F1=0.603  PR-AUC=0.628  (best @ thresh=0.30, 5058/34520 positive)  Event@100ms  P=0.373  R=0.484  F1=0.421  (59/122 matched, 158 predicted)
  ↑ Saved best to /tmp/run_v4/best.pth (PR-AUC=0.628)
Epoch  32  loss=0.0203  Frame  P=0.563  R=0.619  F1=0.589  PR-AUC=0.605  (best @ thresh=0.20, 5058/34520 positive)  Event@100ms  P=0.338  R=0.393  F1=0.364  (48/122 matched, 142 predicted)
Epoch  33  loss=0.0209  Frame  P=0.596  R=0.605  F1=0.600  PR-AUC=0.595  (best @ thresh=0.25, 5058/34520 positive)  Event@100ms  P=0.371  R=0.426  F1=0.397  (52/122 matched, 140 predicted)
Epoch  34  loss=0.0196  Frame  P=0.464  R=0.801  F1=0.587  PR-AUC=0.603  (best @ thresh=0.20, 5058/34520 positive)  Event@100ms  P=0.270  R=0.500  F1=0.351  (61/122 matched, 226 predicted)
Epoch  35  loss=0.0199  Frame  P=0.513  R=0.751  F1=0.610  PR-AUC=0.615  (best @ thresh=0.25, 5058/34520 positive)  Event@100ms  P=0.326  R=0.467  F1=0.384  (57/122 matched, 175 predicted)
Epoch  36  loss=0.0193  Frame  P=0.602  R=0.590  F1=0.596  PR-AUC=0.603  (best @ thresh=0.30, 5058/34520 positive)  Event@100ms  P=0.340  R=0.418  F1=0.375  (51/122 matched, 150 predicted)
Epoch  37  loss=0.0191  Frame  P=0.588  R=0.608  F1=0.598  PR-AUC=0.624  (best @ thresh=0.30, 5058/34520 positive)  Event@100ms  P=0.324  R=0.500  F1=0.394  (61/122 matched, 188 predicted)
Epoch  38  loss=0.0199  Frame  P=0.504  R=0.769  F1=0.609  PR-AUC=0.626  (best @ thresh=0.25, 5058/34520 positive)  Event@100ms  P=0.324  R=0.484  F1=0.388  (59/122 matched, 182 predicted)
Epoch  39  loss=0.0192  Frame  P=0.571  R=0.639  F1=0.603  PR-AUC=0.635  (best @ thresh=0.25, 5058/34520 positive)  Event@100ms  P=0.352  R=0.467  F1=0.401  (57/122 matched, 162 predicted)
  ↑ Saved best to /tmp/run_v4/best.pth (PR-AUC=0.635)
Epoch  40  loss=0.0199  Frame  P=0.555  R=0.725  F1=0.628  PR-AUC=0.643  (best @ thresh=0.30, 5058/34520 positive)  Event@100ms  P=0.358  R=0.516  F1=0.423  (63/122 matched, 176 predicted)
  ↑ Saved best to /tmp/run_v4/best.pth (PR-AUC=0.643)
Epoch  41  loss=0.0198  Frame  P=0.625  R=0.581  F1=0.602  PR-AUC=0.625  (best @ thresh=0.25, 5058/34520 positive)  Event@100ms  P=0.344  R=0.443  F1=0.387  (54/122 matched, 157 predicted)
Epoch  42  loss=0.0196  Frame  P=0.569  R=0.627  F1=0.596  PR-AUC=0.606  (best @ thresh=0.30, 5058/34520 positive)  Event@100ms  P=0.346  R=0.508  F1=0.412  (62/122 matched, 179 predicted)
Epoch  43  loss=0.0188  Frame  P=0.467  R=0.806  F1=0.592  PR-AUC=0.609  (best @ thresh=0.25, 5058/34520 positive)  Event@100ms  P=0.295  R=0.484  F1=0.366  (59/122 matched, 200 predicted)
Epoch  44  loss=0.0194  Frame  P=0.595  R=0.581  F1=0.588  PR-AUC=0.621  (best @ thresh=0.30, 5058/34520 positive)  Event@100ms  P=0.324  R=0.467  F1=0.383  (57/122 matched, 176 predicted)
Epoch  45  loss=0.0192  Frame  P=0.537  R=0.685  F1=0.602  PR-AUC=0.624  (best @ thresh=0.25, 5058/34520 positive)  Event@100ms  P=0.316  R=0.459  F1=0.375  (56/122 matched, 177 predicted)
Epoch  46  loss=0.0192  Frame  P=0.558  R=0.645  F1=0.599  PR-AUC=0.614  (best @ thresh=0.30, 5058/34520 positive)  Event@100ms  P=0.327  R=0.451  F1=0.379  (55/122 matched, 168 predicted)
Epoch  47  loss=0.0199  Frame  P=0.495  R=0.760  F1=0.600  PR-AUC=0.612  (best @ thresh=0.25, 5058/34520 positive)  Event@100ms  P=0.312  R=0.508  F1=0.386  (62/122 matched, 199 predicted)
Epoch  48  loss=0.0189  Frame  P=0.530  R=0.725  F1=0.612  PR-AUC=0.633  (best @ thresh=0.25, 5058/34520 positive)  Event@100ms  P=0.337  R=0.500  F1=0.403  (61/122 matched, 181 predicted)
Epoch  49  loss=0.0179  Frame  P=0.666  R=0.548  F1=0.601  PR-AUC=0.618  (best @ thresh=0.25, 5058/34520 positive)  Event@100ms  P=0.392  R=0.402  F1=0.397  (49/122 matched, 125 predicted)
Epoch  50  loss=0.0194  Frame  P=0.477  R=0.787  F1=0.594  PR-AUC=0.625  (best @ thresh=0.25, 5058/34520 positive)  Event@100ms  P=0.330  R=0.508  F1=0.400  (62/122 matched, 188 predicted)
Epoch  51  loss=0.0185  Frame  P=0.500  R=0.753  F1=0.601  PR-AUC=0.628  (best @ thresh=0.25, 5058/34520 positive)  Event@100ms  P=0.310  R=0.500  F1=0.382  (61/122 matched, 197 predicted)
Epoch  52  loss=0.0185  Frame  P=0.506  R=0.765  F1=0.609  PR-AUC=0.649  (best @ thresh=0.25, 5058/34520 positive)  Event@100ms  P=0.325  R=0.508  F1=0.396  (62/122 matched, 191 predicted)
  ↑ Saved best to /tmp/run_v4/best.pth (PR-AUC=0.649)
Epoch  53  loss=0.0190  Frame  P=0.622  R=0.608  F1=0.614  PR-AUC=0.644  (best @ thresh=0.30, 5058/34520 positive)  Event@100ms  P=0.353  R=0.484  F1=0.408  (59/122 matched, 167 predicted)
Epoch  54  loss=0.0181  Frame  P=0.495  R=0.737  F1=0.592  PR-AUC=0.622  (best @ thresh=0.25, 5058/34520 positive)  Event@100ms  P=0.325  R=0.549  F1=0.409  (67/122 matched, 206 predicted)
Epoch  55  loss=0.0183  Frame  P=0.502  R=0.741  F1=0.598  PR-AUC=0.635  (best @ thresh=0.25, 5058/34520 positive)  Event@100ms  P=0.323  R=0.516  F1=0.397  (63/122 matched, 195 predicted)
Epoch  56  loss=0.0186  Frame  P=0.495  R=0.759  F1=0.599  PR-AUC=0.646  (best @ thresh=0.25, 5058/34520 positive)  Event@100ms  P=0.320  R=0.508  F1=0.392  (62/122 matched, 194 predicted)
Epoch  57  loss=0.0184  Frame  P=0.646  R=0.576  F1=0.609  PR-AUC=0.640  (best @ thresh=0.30, 5058/34520 positive)  Event@100ms  P=0.345  R=0.475  F1=0.400  (58/122 matched, 168 predicted)
Epoch  58  loss=0.0186  Frame  P=0.489  R=0.775  F1=0.599  PR-AUC=0.623  (best @ thresh=0.25, 5058/34520 positive)  Event@100ms  P=0.328  R=0.500  F1=0.396  (61/122 matched, 186 predicted)
Epoch  59  loss=0.0180  Frame  P=0.487  R=0.772  F1=0.597  PR-AUC=0.642  (best @ thresh=0.25, 5058/34520 positive)  Event@100ms  P=0.303  R=0.467  F1=0.368  (57/122 matched, 188 predicted)
Epoch  60  loss=0.0171  Frame  P=0.481  R=0.777  F1=0.594  PR-AUC=0.628  (best @ thresh=0.20, 5058/34520 positive)  Event@100ms  P=0.326  R=0.516  F1=0.400  (63/122 matched, 193 predicted)
Epoch  61  loss=0.0187  Frame  P=0.486  R=0.784  F1=0.600  PR-AUC=0.647  (best @ thresh=0.25, 5058/34520 positive)  Event@100ms  P=0.337  R=0.500  F1=0.403  (61/122 matched, 181 predicted)
Epoch  62  loss=0.0182  Frame  P=0.497  R=0.768  F1=0.604  PR-AUC=0.640  (best @ thresh=0.25, 5058/34520 positive)  Event@100ms  P=0.326  R=0.508  F1=0.397  (62/122 matched, 190 predicted)
Epoch  63  loss=0.0184  Frame  P=0.502  R=0.767  F1=0.607  PR-AUC=0.640  (best @ thresh=0.25, 5058/34520 positive)  Event@100ms  P=0.314  R=0.475  F1=0.378  (58/122 matched, 185 predicted)
Epoch  64  loss=0.0191  Frame  P=0.667  R=0.542  F1=0.598  PR-AUC=0.642  (best @ thresh=0.30, 5058/34520 positive)  Event@100ms  P=0.327  R=0.418  F1=0.367  (51/122 matched, 156 predicted)
Epoch  65  loss=0.0188  Frame  P=0.488  R=0.781  F1=0.601  PR-AUC=0.642  (best @ thresh=0.25, 5058/34520 positive)  Event@100ms  P=0.317  R=0.492  F1=0.386  (60/122 matched, 189 predicted)
Epoch  66  loss=0.0183  Frame  P=0.516  R=0.746  F1=0.610  PR-AUC=0.641  (best @ thresh=0.25, 5058/34520 positive)  Event@100ms  P=0.344  R=0.525  F1=0.416  (64/122 matched, 186 predicted)
Epoch  67  loss=0.0183  Frame  P=0.506  R=0.760  F1=0.607  PR-AUC=0.643  (best @ thresh=0.25, 5058/34520 positive)  Event@100ms  P=0.328  R=0.500  F1=0.396  (61/122 matched, 186 predicted)
Epoch  68  loss=0.0172  Frame  P=0.672  R=0.545  F1=0.602  PR-AUC=0.643  (best @ thresh=0.30, 5058/34520 positive)  Event@100ms  P=0.346  R=0.443  F1=0.388  (54/122 matched, 156 predicted)
Epoch  69  loss=0.0184  Frame  P=0.490  R=0.778  F1=0.601  PR-AUC=0.643  (best @ thresh=0.25, 5058/34520 positive)  Event@100ms  P=0.306  R=0.492  F1=0.377  (60/122 matched, 196 predicted)
Epoch  70  loss=0.0176  Frame  P=0.499  R=0.768  F1=0.605  PR-AUC=0.643  (best @ thresh=0.25, 5058/34520 positive)  Event@100ms  P=0.319  R=0.492  F1=0.387  (60/122 matched, 188 predicted)
Epoch  71  loss=0.0186  Frame  P=0.501  R=0.764  F1=0.605  PR-AUC=0.646  (best @ thresh=0.30, 5058/34520 positive)  Event@100ms  P=0.296  R=0.459  F1=0.360  (56/122 matched, 189 predicted)
Epoch  72  loss=0.0197  Frame  P=0.607  R=0.602  F1=0.604  PR-AUC=0.634  (best @ thresh=0.25, 5058/34520 positive)  Event@100ms  P=0.383  R=0.467  F1=0.421  (57/122 matched, 149 predicted)
Epoch  73  loss=0.0197  Frame  P=0.559  R=0.619  F1=0.588  PR-AUC=0.608  (best @ thresh=0.30, 5058/34520 positive)  Event@100ms  P=0.326  R=0.492  F1=0.392  (60/122 matched, 184 predicted)
Epoch  74  loss=0.0189  Frame  P=0.507  R=0.764  F1=0.610  PR-AUC=0.643  (best @ thresh=0.25, 5058/34520 positive)  Event@100ms  P=0.333  R=0.492  F1=0.397  (60/122 matched, 180 predicted)
Epoch  75  loss=0.0185  Frame  P=0.534  R=0.690  F1=0.602  PR-AUC=0.634  (best @ thresh=0.25, 5058/34520 positive)  Event@100ms  P=0.359  R=0.533  F1=0.429  (65/122 matched, 181 predicted)
Epoch  76  loss=0.0187  Frame  P=0.485  R=0.779  F1=0.598  PR-AUC=0.628  (best @ thresh=0.25, 5058/34520 positive)  Event@100ms  P=0.340  R=0.525  F1=0.413  (64/122 matched, 188 predicted)
Epoch  77  loss=0.0192  Frame  P=0.515  R=0.717  F1=0.600  PR-AUC=0.613  (best @ thresh=0.25, 5058/34520 positive)  Event@100ms  P=0.335  R=0.500  F1=0.401  (61/122 matched, 182 predicted)
Epoch  78  loss=0.0200  Frame  P=0.561  R=0.666  F1=0.609  PR-AUC=0.646  (best @ thresh=0.25, 5058/34520 positive)  Event@100ms  P=0.392  R=0.533  F1=0.451  (65/122 matched, 166 predicted)
Epoch  79  loss=0.0183  Frame  P=0.513  R=0.690  F1=0.588  PR-AUC=0.621  (best @ thresh=0.25, 5058/34520 positive)  Event@100ms  P=0.315  R=0.467  F1=0.376  (57/122 matched, 181 predicted)
Epoch  80  loss=0.0189  Frame  P=0.641  R=0.579  F1=0.608  PR-AUC=0.637  (best @ thresh=0.30, 5058/34520 positive)  Event@100ms  P=0.371  R=0.484  F1=0.420  (59/122 matched, 159 predicted)
Epoch  81  loss=0.0180  Frame  P=0.580  R=0.622  F1=0.600  PR-AUC=0.633  (best @ thresh=0.25, 5058/34520 positive)  Event@100ms  P=0.355  R=0.484  F1=0.410  (59/122 matched, 166 predicted)
Epoch  82  loss=0.0188  Frame  P=0.597  R=0.660  F1=0.627  PR-AUC=0.642  (best @ thresh=0.25, 5058/34520 positive)  Event@100ms  P=0.388  R=0.525  F1=0.446  (64/122 matched, 165 predicted)
Epoch  83  loss=0.0201  Frame  P=0.666  R=0.566  F1=0.612  PR-AUC=0.637  (best @ thresh=0.30, 5058/34520 positive)  Event@100ms  P=0.396  R=0.451  F1=0.421  (55/122 matched, 139 predicted)
Epoch  84  loss=0.0185  Frame  P=0.505  R=0.764  F1=0.608  PR-AUC=0.655  (best @ thresh=0.20, 5058/34520 positive)  Event@100ms  P=0.328  R=0.475  F1=0.388  (58/122 matched, 177 predicted)
  ↑ Saved best to /tmp/run_v4/best.pth (PR-AUC=0.655)
Epoch  85  loss=0.0187  Frame  P=0.528  R=0.721  F1=0.610  PR-AUC=0.621  (best @ thresh=0.25, 5058/34520 positive)  Event@100ms  P=0.347  R=0.557  F1=0.428  (68/122 matched, 196 predicted)
Epoch  86  loss=0.0186  Frame  P=0.552  R=0.714  F1=0.622  PR-AUC=0.649  (best @ thresh=0.25, 5058/34520 positive)  Event@100ms  P=0.358  R=0.525  F1=0.425  (64/122 matched, 179 predicted)
Epoch  87  loss=0.0190  Frame  P=0.470  R=0.784  F1=0.587  PR-AUC=0.640  (best @ thresh=0.25, 5058/34520 positive)  Event@100ms  P=0.298  R=0.459  F1=0.361  (56/122 matched, 188 predicted)
Epoch  88  loss=0.0184  Frame  P=0.635  R=0.584  F1=0.609  PR-AUC=0.631  (best @ thresh=0.25, 5058/34520 positive)  Event@100ms  P=0.379  R=0.451  F1=0.412  (55/122 matched, 145 predicted)
Epoch  89  loss=0.0185  Frame  P=0.483  R=0.780  F1=0.597  PR-AUC=0.628  (best @ thresh=0.25, 5058/34520 positive)  Event@100ms  P=0.321  R=0.508  F1=0.394  (62/122 matched, 193 predicted)
Epoch  90  loss=0.0182  Frame  P=0.494  R=0.757  F1=0.598  PR-AUC=0.640  (best @ thresh=0.25, 5058/34520 positive)  Event@100ms  P=0.324  R=0.459  F1=0.380  (56/122 matched, 173 predicted)
Epoch  91  loss=0.0191  Frame  P=0.598  R=0.625  F1=0.611  PR-AUC=0.644  (best @ thresh=0.30, 5058/34520 positive)  Event@100ms  P=0.362  R=0.516  F1=0.426  (63/122 matched, 174 predicted)
Epoch  92  loss=0.0175  Frame  P=0.571  R=0.658  F1=0.612  PR-AUC=0.636  (best @ thresh=0.30, 5058/34520 positive)  Event@100ms  P=0.392  R=0.566  F1=0.463  (69/122 matched, 176 predicted)
Epoch  93  loss=0.0188  Frame  P=0.540  R=0.710  F1=0.613  PR-AUC=0.643  (best @ thresh=0.25, 5058/34520 positive)  Event@100ms  P=0.366  R=0.516  F1=0.429  (63/122 matched, 172 predicted)
Epoch  94  loss=0.0186  Frame  P=0.607  R=0.605  F1=0.606  PR-AUC=0.617  (best @ thresh=0.25, 5058/34520 positive)  Event@100ms  P=0.375  R=0.492  F1=0.426  (60/122 matched, 160 predicted)
Epoch  95  loss=0.0181  Frame  P=0.607  R=0.569  F1=0.588  PR-AUC=0.624  (best @ thresh=0.30, 5058/34520 positive)  Event@100ms  P=0.327  R=0.451  F1=0.379  (55/122 matched, 168 predicted)
Epoch  96  loss=0.0181  Frame  P=0.523  R=0.684  F1=0.593  PR-AUC=0.611  (best @ thresh=0.25, 5058/34520 positive)  Event@100ms  P=0.350  R=0.459  F1=0.397  (56/122 matched, 160 predicted)
Epoch  97  loss=0.0184  Frame  P=0.605  R=0.620  F1=0.612  PR-AUC=0.637  (best @ thresh=0.30, 5058/34520 positive)  Event@100ms  P=0.413  R=0.566  F1=0.478  (69/122 matched, 167 predicted)
Epoch  98  loss=0.0188  Frame  P=0.549  R=0.684  F1=0.609  PR-AUC=0.633  (best @ thresh=0.25, 5058/34520 positive)  Event@100ms  P=0.371  R=0.566  F1=0.448  (69/122 matched, 186 predicted)
Epoch  99  loss=0.0174  Frame  P=0.602  R=0.622  F1=0.612  PR-AUC=0.639  (best @ thresh=0.30, 5058/34520 positive)  Event@100ms  P=0.357  R=0.533  F1=0.428  (65/122 matched, 182 predicted)
Epoch 100  loss=0.0176  Frame  P=0.435  R=0.820  F1=0.568  PR-AUC=0.609  (best @ thresh=0.20, 5058/34520 positive)  Event@100ms  P=0.260  R=0.500  F1=0.342  (61/122 matched, 235 predicted)
Epoch 101  loss=0.0181  Frame  P=0.608  R=0.561  F1=0.584  PR-AUC=0.597  (best @ thresh=0.30, 5058/34520 positive)  Event@100ms  P=0.353  R=0.484  F1=0.408  (59/122 matched, 167 predicted)
Epoch 102  loss=0.0186  Frame  P=0.516  R=0.755  F1=0.613  PR-AUC=0.640  (best @ thresh=0.25, 5058/34520 positive)  Event@100ms  P=0.361  R=0.500  F1=0.419  (61/122 matched, 169 predicted)
Epoch 103  loss=0.0185  Frame  P=0.441  R=0.823  F1=0.574  PR-AUC=0.617  (best @ thresh=0.25, 5058/34520 positive)  Event@100ms  P=0.282  R=0.541  F1=0.371  (66/122 matched, 234 predicted)
Epoch 104  loss=0.0189  Frame  P=0.510  R=0.761  F1=0.610  PR-AUC=0.640  (best @ thresh=0.25, 5058/34520 positive)  Event@100ms  P=0.339  R=0.500  F1=0.404  (61/122 matched, 180 predicted)
Epoch 105  loss=0.0182  Frame  P=0.494  R=0.767  F1=0.601  PR-AUC=0.633  (best @ thresh=0.25, 5058/34520 positive)  Event@100ms  P=0.328  R=0.475  F1=0.388  (58/122 matched, 177 predicted)
Epoch 106  loss=0.0175  Frame  P=0.481  R=0.792  F1=0.599  PR-AUC=0.648  (best @ thresh=0.25, 5058/34520 positive)  Event@100ms  P=0.320  R=0.525  F1=0.398  (64/122 matched, 200 predicted)
Epoch 107  loss=0.0184  Frame  P=0.504  R=0.779  F1=0.612  PR-AUC=0.646  (best @ thresh=0.25, 5058/34520 positive)  Event@100ms  P=0.364  R=0.484  F1=0.415  (59/122 matched, 162 predicted)
Epoch 108  loss=0.0179  Frame  P=0.594  R=0.637  F1=0.615  PR-AUC=0.636  (best @ thresh=0.25, 5058/34520 positive)  Event@100ms  P=0.358  R=0.484  F1=0.411  (59/122 matched, 165 predicted)
Epoch 109  loss=0.0184  Frame  P=0.628  R=0.593  F1=0.610  PR-AUC=0.632  (best @ thresh=0.30, 5058/34520 positive)  Event@100ms  P=0.379  R=0.500  F1=0.431  (61/122 matched, 161 predicted)
Epoch 110  loss=0.0175  Frame  P=0.545  R=0.705  F1=0.615  PR-AUC=0.627  (best @ thresh=0.30, 5058/34520 positive)  Event@100ms  P=0.350  R=0.574  F1=0.435  (70/122 matched, 200 predicted)
Epoch 111  loss=0.0183  Frame  P=0.620  R=0.583  F1=0.601  PR-AUC=0.625  (best @ thresh=0.30, 5058/34520 positive)  Event@100ms  P=0.371  R=0.484  F1=0.420  (59/122 matched, 159 predicted)
Epoch 112  loss=0.0175  Frame  P=0.480  R=0.793  F1=0.598  PR-AUC=0.635  (best @ thresh=0.25, 5058/34520 positive)  Event@100ms  P=0.330  R=0.508  F1=0.400  (62/122 matched, 188 predicted)
Epoch 113  loss=0.0181  Frame  P=0.630  R=0.585  F1=0.606  PR-AUC=0.648  (best @ thresh=0.30, 5058/34520 positive)  Event@100ms  P=0.366  R=0.516  F1=0.429  (63/122 matched, 172 predicted)
Epoch 114  loss=0.0190  Frame  P=0.546  R=0.703  F1=0.615  PR-AUC=0.629  (best @ thresh=0.30, 5058/34520 positive)  Event@100ms  P=0.349  R=0.549  F1=0.427  (67/122 matched, 192 predicted)
Epoch 115  loss=0.0179  Frame  P=0.513  R=0.740  F1=0.606  PR-AUC=0.657  (best @ thresh=0.25, 5058/34520 positive)  Event@100ms  P=0.395  R=0.525  F1=0.451  (64/122 matched, 162 predicted)
  ↑ Saved best to /tmp/run_v4/best.pth (PR-AUC=0.657)
Epoch 116  loss=0.0174  Frame  P=0.582  R=0.613  F1=0.597  PR-AUC=0.623  (best @ thresh=0.30, 5058/34520 positive)  Event@100ms  P=0.357  R=0.500  F1=0.416  (61/122 matched, 171 predicted)
Epoch 117  loss=0.0181  Frame  P=0.660  R=0.540  F1=0.594  PR-AUC=0.644  (best @ thresh=0.30, 5058/34520 positive)  Event@100ms  P=0.390  R=0.451  F1=0.418  (55/122 matched, 141 predicted)
Epoch 118  loss=0.0186  Frame  P=0.537  R=0.724  F1=0.617  PR-AUC=0.633  (best @ thresh=0.25, 5058/34520 positive)  Event@100ms  P=0.372  R=0.549  F1=0.444  (67/122 matched, 180 predicted)
Epoch 119  loss=0.0178  Frame  P=0.543  R=0.736  F1=0.625  PR-AUC=0.659  (best @ thresh=0.25, 5058/34520 positive)  Event@100ms  P=0.416  R=0.549  F1=0.473  (67/122 matched, 161 predicted)
  ↑ Saved best to /tmp/run_v4/best.pth (PR-AUC=0.659)
Epoch 120  loss=0.0184  Frame  P=0.495  R=0.778  F1=0.605  PR-AUC=0.646  (best @ thresh=0.25, 5058/34520 positive)  Event@100ms  P=0.346  R=0.533  F1=0.419  (65/122 matched, 188 predicted)
Epoch 121  loss=0.0180  Frame  P=0.491  R=0.768  F1=0.599  PR-AUC=0.643  (best @ thresh=0.25, 5058/34520 positive)  Event@100ms  P=0.326  R=0.467  F1=0.384  (57/122 matched, 175 predicted)
Epoch 122  loss=0.0181  Frame  P=0.520  R=0.706  F1=0.599  PR-AUC=0.630  (best @ thresh=0.25, 5058/34520 positive)  Event@100ms  P=0.349  R=0.541  F1=0.424  (66/122 matched, 189 predicted)
Epoch 123  loss=0.0178  Frame  P=0.520  R=0.728  F1=0.607  PR-AUC=0.638  (best @ thresh=0.25, 5058/34520 positive)  Event@100ms  P=0.379  R=0.566  F1=0.454  (69/122 matched, 182 predicted)
Epoch 124  loss=0.0174  Frame  P=0.514  R=0.748  F1=0.609  PR-AUC=0.636  (best @ thresh=0.25, 5058/34520 positive)  Event@100ms  P=0.376  R=0.557  F1=0.449  (68/122 matched, 181 predicted)
Epoch 125  loss=0.0177  Frame  P=0.504  R=0.766  F1=0.608  PR-AUC=0.645  (best @ thresh=0.25, 5058/34520 positive)  Event@100ms  P=0.341  R=0.500  F1=0.405  (61/122 matched, 179 predicted)
Epoch 126  loss=0.0177  Frame  P=0.525  R=0.718  F1=0.607  PR-AUC=0.638  (best @ thresh=0.25, 5058/34520 positive)  Event@100ms  P=0.362  R=0.525  F1=0.428  (64/122 matched, 177 predicted)
Epoch 127  loss=0.0174  Frame  P=0.493  R=0.775  F1=0.603  PR-AUC=0.641  (best @ thresh=0.25, 5058/34520 positive)  Event@100ms  P=0.368  R=0.549  F1=0.441  (67/122 matched, 182 predicted)
Epoch 128  loss=0.0181  Frame  P=0.485  R=0.777  F1=0.597  PR-AUC=0.642  (best @ thresh=0.25, 5058/34520 positive)  Event@100ms  P=0.360  R=0.525  F1=0.427  (64/122 matched, 178 predicted)
Epoch 129  loss=0.0176  Frame  P=0.493  R=0.767  F1=0.600  PR-AUC=0.637  (best @ thresh=0.25, 5058/34520 positive)  Event@100ms  P=0.352  R=0.516  F1=0.419  (63/122 matched, 179 predicted)
Epoch 130  loss=0.0176  Frame  P=0.489  R=0.779  F1=0.601  PR-AUC=0.644  (best @ thresh=0.25, 5058/34520 positive)  Event@100ms  P=0.347  R=0.541  F1=0.423  (66/122 matched, 190 predicted)
Epoch 131  loss=0.0177  Frame  P=0.503  R=0.759  F1=0.605  PR-AUC=0.643  (best @ thresh=0.25, 5058/34520 positive)  Event@100ms  P=0.360  R=0.525  F1=0.427  (64/122 matched, 178 predicted)
Epoch 132  loss=0.0172  Frame  P=0.500  R=0.749  F1=0.600  PR-AUC=0.641  (best @ thresh=0.25, 5058/34520 positive)  Event@100ms  P=0.347  R=0.475  F1=0.401  (58/122 matched, 167 predicted)
Epoch 133  loss=0.0186  Frame  P=0.502  R=0.754  F1=0.603  PR-AUC=0.638  (best @ thresh=0.25, 5058/34520 positive)  Event@100ms  P=0.354  R=0.516  F1=0.420  (63/122 matched, 178 predicted)
Epoch 134  loss=0.0173  Frame  P=0.482  R=0.769  F1=0.593  PR-AUC=0.633  (best @ thresh=0.25, 5058/34520 positive)  Event@100ms  P=0.339  R=0.500  F1=0.404  (61/122 matched, 180 predicted)
Epoch 135  loss=0.0181  Frame  P=0.487  R=0.775  F1=0.598  PR-AUC=0.630  (best @ thresh=0.25, 5058/34520 positive)  Event@100ms  P=0.324  R=0.500  F1=0.394  (61/122 matched, 188 predicted)
Epoch 136  loss=0.0178  Frame  P=0.531  R=0.698  F1=0.603  PR-AUC=0.636  (best @ thresh=0.25, 5058/34520 positive)  Event@100ms  P=0.354  R=0.516  F1=0.420  (63/122 matched, 178 predicted)
Epoch 137  loss=0.0178  Frame  P=0.500  R=0.756  F1=0.602  PR-AUC=0.640  (best @ thresh=0.25, 5058/34520 positive)  Event@100ms  P=0.351  R=0.533  F1=0.423  (65/122 matched, 185 predicted)
Epoch 138  loss=0.0173  Frame  P=0.514  R=0.740  F1=0.606  PR-AUC=0.644  (best @ thresh=0.25, 5058/34520 positive)  Event@100ms  P=0.371  R=0.541  F1=0.440  (66/122 matched, 178 predicted)
Epoch 139  loss=0.0178  Frame  P=0.504  R=0.753  F1=0.604  PR-AUC=0.638  (best @ thresh=0.25, 5058/34520 positive)  Event@100ms  P=0.342  R=0.549  F1=0.421  (67/122 matched, 196 predicted)
Epoch 140  loss=0.0171  Frame  P=0.511  R=0.746  F1=0.606  PR-AUC=0.646  (best @ thresh=0.25, 5058/34520 positive)  Event@100ms  P=0.360  R=0.557  F1=0.437  (68/122 matched, 189 predicted)
Epoch 141  loss=0.0183  Frame  P=0.504  R=0.752  F1=0.603  PR-AUC=0.644  (best @ thresh=0.25, 5058/34520 positive)  Event@100ms  P=0.340  R=0.533  F1=0.415  (65/122 matched, 191 predicted)
Epoch 142  loss=0.0178  Frame  P=0.499  R=0.760  F1=0.603  PR-AUC=0.641  (best @ thresh=0.25, 5058/34520 positive)  Event@100ms  P=0.344  R=0.525  F1=0.416  (64/122 matched, 186 predicted)
Epoch 143  loss=0.0173  Frame  P=0.509  R=0.750  F1=0.606  PR-AUC=0.642  (best @ thresh=0.25, 5058/34520 positive)  Event@100ms  P=0.352  R=0.525  F1=0.421  (64/122 matched, 182 predicted)
Epoch 144  loss=0.0173  Frame  P=0.515  R=0.739  F1=0.607  PR-AUC=0.645  (best @ thresh=0.25, 5058/34520 positive)  Event@100ms  P=0.344  R=0.516  F1=0.413  (63/122 matched, 183 predicted)
Epoch 145  loss=0.0167  Frame  P=0.514  R=0.739  F1=0.606  PR-AUC=0.646  (best @ thresh=0.25, 5058/34520 positive)  Event@100ms  P=0.344  R=0.516  F1=0.413  (63/122 matched, 183 predicted)
Epoch 146  loss=0.0166  Frame  P=0.517  R=0.737  F1=0.608  PR-AUC=0.649  (best @ thresh=0.25, 5058/34520 positive)  Event@100ms  P=0.341  R=0.516  F1=0.410  (63/122 matched, 185 predicted)
Epoch 147  loss=0.0176  Frame  P=0.499  R=0.765  F1=0.604  PR-AUC=0.650  (best @ thresh=0.25, 5058/34520 positive)  Event@100ms  P=0.361  R=0.541  F1=0.433  (66/122 matched, 183 predicted)
Epoch 148  loss=0.0181  Frame  P=0.501  R=0.762  F1=0.605  PR-AUC=0.649  (best @ thresh=0.25, 5058/34520 positive)  Event@100ms  P=0.361  R=0.533  F1=0.430  (65/122 matched, 180 predicted)
Epoch 149  loss=0.0185  Frame  P=0.503  R=0.755  F1=0.604  PR-AUC=0.648  (best @ thresh=0.25, 5058/34520 positive)  Event@100ms  P=0.369  R=0.533  F1=0.436  (65/122 matched, 176 predicted)
Epoch 150  loss=0.0176  Frame  P=0.501  R=0.763  F1=0.605  PR-AUC=0.647  (best @ thresh=0.25, 5058/34520 positive)  Event@100ms  P=0.361  R=0.533  F1=0.430  (65/122 matched, 180 predicted)

Best val PR-AUC: 0.659
Best checkpoint: /tmp/run_v4/best.pth
