Device: cpu
Collecting labeled clips from /tmp/excerpts_filtered
  75 clips, 32.8 min total, 22359 breath frames (11.36%)
  Train: 60 clips, Val: 15 clips (val evaluated on FULL clips, total 34520 frames)
NanoPitch: 332,873 parameters (cond=64, gru=96)
BreathHead params: 15,705
Epoch   1  loss=0.4911  Frame  P=0.429  R=0.728  F1=0.540  PR-AUC=0.445  (best @ thresh=0.35, 5058/34520 positive)  Event@100ms  P=0.251  R=0.492  F1=0.332  (60/122 matched, 239 predicted)
  ↑ Saved best to /tmp/run_v8_bce_seed13/best.pth (PR-AUC=0.445)
Epoch   2  loss=0.4237  Frame  P=0.480  R=0.712  F1=0.574  PR-AUC=0.483  (best @ thresh=0.35, 5058/34520 positive)  Event@100ms  P=0.250  R=0.426  F1=0.315  (52/122 matched, 208 predicted)
  ↑ Saved best to /tmp/run_v8_bce_seed13/best.pth (PR-AUC=0.483)
Epoch   3  loss=0.4140  Frame  P=0.480  R=0.706  F1=0.572  PR-AUC=0.535  (best @ thresh=0.25, 5058/34520 positive)  Event@100ms  P=0.287  R=0.426  F1=0.343  (52/122 matched, 181 predicted)
  ↑ Saved best to /tmp/run_v8_bce_seed13/best.pth (PR-AUC=0.535)
Epoch   4  loss=0.4219  Frame  P=0.469  R=0.741  F1=0.575  PR-AUC=0.519  (best @ thresh=0.35, 5058/34520 positive)  Event@100ms  P=0.243  R=0.426  F1=0.310  (52/122 matched, 214 predicted)
Epoch   5  loss=0.4152  Frame  P=0.470  R=0.696  F1=0.561  PR-AUC=0.520  (best @ thresh=0.40, 5058/34520 positive)  Event@100ms  P=0.236  R=0.459  F1=0.312  (56/122 matched, 237 predicted)
Epoch   6  loss=0.4143  Frame  P=0.464  R=0.780  F1=0.582  PR-AUC=0.522  (best @ thresh=0.35, 5058/34520 positive)  Event@100ms  P=0.277  R=0.434  F1=0.339  (53/122 matched, 191 predicted)
Epoch   7  loss=0.4137  Frame  P=0.495  R=0.771  F1=0.603  PR-AUC=0.538  (best @ thresh=0.30, 5058/34520 positive)  Event@100ms  P=0.301  R=0.484  F1=0.371  (59/122 matched, 196 predicted)
  ↑ Saved best to /tmp/run_v8_bce_seed13/best.pth (PR-AUC=0.538)
Epoch   8  loss=0.4174  Frame  P=0.518  R=0.735  F1=0.608  PR-AUC=0.550  (best @ thresh=0.30, 5058/34520 positive)  Event@100ms  P=0.305  R=0.492  F1=0.376  (60/122 matched, 197 predicted)
  ↑ Saved best to /tmp/run_v8_bce_seed13/best.pth (PR-AUC=0.550)
Epoch   9  loss=0.4057  Frame  P=0.545  R=0.690  F1=0.609  PR-AUC=0.558  (best @ thresh=0.30, 5058/34520 positive)  Event@100ms  P=0.303  R=0.443  F1=0.360  (54/122 matched, 178 predicted)
  ↑ Saved best to /tmp/run_v8_bce_seed13/best.pth (PR-AUC=0.558)
Epoch  10  loss=0.3963  Frame  P=0.537  R=0.712  F1=0.612  PR-AUC=0.556  (best @ thresh=0.30, 5058/34520 positive)  Event@100ms  P=0.298  R=0.459  F1=0.361  (56/122 matched, 188 predicted)
Epoch  11  loss=0.4238  Frame  P=0.536  R=0.649  F1=0.587  PR-AUC=0.548  (best @ thresh=0.35, 5058/34520 positive)  Event@100ms  P=0.295  R=0.459  F1=0.359  (56/122 matched, 190 predicted)
Epoch  12  loss=0.4031  Frame  P=0.563  R=0.689  F1=0.620  PR-AUC=0.577  (best @ thresh=0.40, 5058/34520 positive)  Event@100ms  P=0.317  R=0.475  F1=0.380  (58/122 matched, 183 predicted)
  ↑ Saved best to /tmp/run_v8_bce_seed13/best.pth (PR-AUC=0.577)
Epoch  13  loss=0.4060  Frame  P=0.466  R=0.774  F1=0.582  PR-AUC=0.536  (best @ thresh=0.40, 5058/34520 positive)  Event@100ms  P=0.254  R=0.508  F1=0.339  (62/122 matched, 244 predicted)
Epoch  14  loss=0.4125  Frame  P=0.538  R=0.652  F1=0.590  PR-AUC=0.568  (best @ thresh=0.25, 5058/34520 positive)  Event@100ms  P=0.306  R=0.434  F1=0.359  (53/122 matched, 173 predicted)
Epoch  15  loss=0.4119  Frame  P=0.530  R=0.712  F1=0.608  PR-AUC=0.558  (best @ thresh=0.35, 5058/34520 positive)  Event@100ms  P=0.312  R=0.475  F1=0.377  (58/122 matched, 186 predicted)
Epoch  16  loss=0.4016  Frame  P=0.468  R=0.784  F1=0.586  PR-AUC=0.530  (best @ thresh=0.30, 5058/34520 positive)  Event@100ms  P=0.282  R=0.484  F1=0.356  (59/122 matched, 209 predicted)
Epoch  17  loss=0.3980  Frame  P=0.537  R=0.714  F1=0.613  PR-AUC=0.565  (best @ thresh=0.30, 5058/34520 positive)  Event@100ms  P=0.304  R=0.451  F1=0.363  (55/122 matched, 181 predicted)
Epoch  18  loss=0.4104  Frame  P=0.480  R=0.740  F1=0.582  PR-AUC=0.552  (best @ thresh=0.20, 5058/34520 positive)  Event@100ms  P=0.281  R=0.467  F1=0.351  (57/122 matched, 203 predicted)
Epoch  19  loss=0.4179  Frame  P=0.491  R=0.768  F1=0.599  PR-AUC=0.538  (best @ thresh=0.30, 5058/34520 positive)  Event@100ms  P=0.291  R=0.492  F1=0.366  (60/122 matched, 206 predicted)
Epoch  20  loss=0.3755  Frame  P=0.564  R=0.686  F1=0.619  PR-AUC=0.562  (best @ thresh=0.30, 5058/34520 positive)  Event@100ms  P=0.354  R=0.467  F1=0.403  (57/122 matched, 161 predicted)
Epoch  21  loss=0.3980  Frame  P=0.526  R=0.717  F1=0.607  PR-AUC=0.556  (best @ thresh=0.30, 5058/34520 positive)  Event@100ms  P=0.298  R=0.467  F1=0.364  (57/122 matched, 191 predicted)
Epoch  22  loss=0.4018  Frame  P=0.497  R=0.765  F1=0.603  PR-AUC=0.554  (best @ thresh=0.25, 5058/34520 positive)  Event@100ms  P=0.288  R=0.467  F1=0.356  (57/122 matched, 198 predicted)
Epoch  23  loss=0.3821  Frame  P=0.518  R=0.734  F1=0.608  PR-AUC=0.560  (best @ thresh=0.30, 5058/34520 positive)  Event@100ms  P=0.279  R=0.459  F1=0.347  (56/122 matched, 201 predicted)
Epoch  24  loss=0.3886  Frame  P=0.501  R=0.761  F1=0.604  PR-AUC=0.560  (best @ thresh=0.30, 5058/34520 positive)  Event@100ms  P=0.312  R=0.516  F1=0.389  (63/122 matched, 202 predicted)
Epoch  25  loss=0.3751  Frame  P=0.530  R=0.724  F1=0.612  PR-AUC=0.571  (best @ thresh=0.35, 5058/34520 positive)  Event@100ms  P=0.316  R=0.500  F1=0.387  (61/122 matched, 193 predicted)
Epoch  26  loss=0.3879  Frame  P=0.537  R=0.713  F1=0.612  PR-AUC=0.575  (best @ thresh=0.35, 5058/34520 positive)  Event@100ms  P=0.324  R=0.500  F1=0.394  (61/122 matched, 188 predicted)
Epoch  27  loss=0.3906  Frame  P=0.527  R=0.729  F1=0.612  PR-AUC=0.572  (best @ thresh=0.30, 5058/34520 positive)  Event@100ms  P=0.317  R=0.484  F1=0.383  (59/122 matched, 186 predicted)
Epoch  28  loss=0.3831  Frame  P=0.526  R=0.723  F1=0.609  PR-AUC=0.572  (best @ thresh=0.30, 5058/34520 positive)  Event@100ms  P=0.319  R=0.484  F1=0.384  (59/122 matched, 185 predicted)
Epoch  29  loss=0.3808  Frame  P=0.498  R=0.767  F1=0.604  PR-AUC=0.570  (best @ thresh=0.30, 5058/34520 positive)  Event@100ms  P=0.307  R=0.508  F1=0.383  (62/122 matched, 202 predicted)
Epoch  30  loss=0.3802  Frame  P=0.501  R=0.766  F1=0.606  PR-AUC=0.570  (best @ thresh=0.30, 5058/34520 positive)  Event@100ms  P=0.307  R=0.508  F1=0.383  (62/122 matched, 202 predicted)
Epoch  31  loss=0.4035  Frame  P=0.527  R=0.708  F1=0.604  PR-AUC=0.570  (best @ thresh=0.35, 5058/34520 positive)  Event@100ms  P=0.326  R=0.484  F1=0.389  (59/122 matched, 181 predicted)
Epoch  32  loss=0.4086  Frame  P=0.542  R=0.713  F1=0.616  PR-AUC=0.575  (best @ thresh=0.20, 5058/34520 positive)  Event@100ms  P=0.359  R=0.500  F1=0.418  (61/122 matched, 170 predicted)
Epoch  33  loss=0.4111  Frame  P=0.522  R=0.704  F1=0.599  PR-AUC=0.529  (best @ thresh=0.30, 5058/34520 positive)  Event@100ms  P=0.311  R=0.459  F1=0.371  (56/122 matched, 180 predicted)
Epoch  34  loss=0.3949  Frame  P=0.567  R=0.657  F1=0.609  PR-AUC=0.519  (best @ thresh=0.35, 5058/34520 positive)  Event@100ms  P=0.360  R=0.443  F1=0.397  (54/122 matched, 150 predicted)
Epoch  35  loss=0.3971  Frame  P=0.539  R=0.687  F1=0.604  PR-AUC=0.550  (best @ thresh=0.35, 5058/34520 positive)  Event@100ms  P=0.306  R=0.467  F1=0.370  (57/122 matched, 186 predicted)
Epoch  36  loss=0.3883  Frame  P=0.523  R=0.721  F1=0.606  PR-AUC=0.557  (best @ thresh=0.35, 5058/34520 positive)  Event@100ms  P=0.308  R=0.500  F1=0.381  (61/122 matched, 198 predicted)
Epoch  37  loss=0.3865  Frame  P=0.486  R=0.771  F1=0.596  PR-AUC=0.572  (best @ thresh=0.30, 5058/34520 positive)  Event@100ms  P=0.312  R=0.508  F1=0.386  (62/122 matched, 199 predicted)
Epoch  38  loss=0.4013  Frame  P=0.537  R=0.717  F1=0.614  PR-AUC=0.583  (best @ thresh=0.30, 5058/34520 positive)  Event@100ms  P=0.329  R=0.467  F1=0.386  (57/122 matched, 173 predicted)
  ↑ Saved best to /tmp/run_v8_bce_seed13/best.pth (PR-AUC=0.583)
Epoch  39  loss=0.3861  Frame  P=0.477  R=0.762  F1=0.587  PR-AUC=0.561  (best @ thresh=0.30, 5058/34520 positive)  Event@100ms  P=0.276  R=0.475  F1=0.349  (58/122 matched, 210 predicted)
Epoch  40  loss=0.3961  Frame  P=0.527  R=0.699  F1=0.601  PR-AUC=0.551  (best @ thresh=0.35, 5058/34520 positive)  Event@100ms  P=0.293  R=0.434  F1=0.350  (53/122 matched, 181 predicted)
Epoch  41  loss=0.4104  Frame  P=0.504  R=0.710  F1=0.589  PR-AUC=0.556  (best @ thresh=0.35, 5058/34520 positive)  Event@100ms  P=0.271  R=0.451  F1=0.338  (55/122 matched, 203 predicted)
Epoch  42  loss=0.3906  Frame  P=0.510  R=0.751  F1=0.608  PR-AUC=0.578  (best @ thresh=0.35, 5058/34520 positive)  Event@100ms  P=0.319  R=0.500  F1=0.390  (61/122 matched, 191 predicted)
Epoch  43  loss=0.3738  Frame  P=0.508  R=0.732  F1=0.599  PR-AUC=0.572  (best @ thresh=0.35, 5058/34520 positive)  Event@100ms  P=0.284  R=0.467  F1=0.353  (57/122 matched, 201 predicted)
Epoch  44  loss=0.3891  Frame  P=0.484  R=0.731  F1=0.583  PR-AUC=0.543  (best @ thresh=0.30, 5058/34520 positive)  Event@100ms  P=0.306  R=0.557  F1=0.395  (68/122 matched, 222 predicted)
Epoch  45  loss=0.3868  Frame  P=0.553  R=0.665  F1=0.604  PR-AUC=0.594  (best @ thresh=0.30, 5058/34520 positive)  Event@100ms  P=0.359  R=0.500  F1=0.418  (61/122 matched, 170 predicted)
  ↑ Saved best to /tmp/run_v8_bce_seed13/best.pth (PR-AUC=0.594)
Epoch  46  loss=0.3967  Frame  P=0.522  R=0.741  F1=0.612  PR-AUC=0.588  (best @ thresh=0.30, 5058/34520 positive)  Event@100ms  P=0.328  R=0.475  F1=0.388  (58/122 matched, 177 predicted)
Epoch  47  loss=0.4076  Frame  P=0.533  R=0.715  F1=0.610  PR-AUC=0.584  (best @ thresh=0.35, 5058/34520 positive)  Event@100ms  P=0.330  R=0.508  F1=0.400  (62/122 matched, 188 predicted)
Epoch  48  loss=0.3840  Frame  P=0.564  R=0.663  F1=0.610  PR-AUC=0.590  (best @ thresh=0.35, 5058/34520 positive)  Event@100ms  P=0.354  R=0.508  F1=0.418  (62/122 matched, 175 predicted)
Epoch  49  loss=0.3658  Frame  P=0.520  R=0.746  F1=0.613  PR-AUC=0.596  (best @ thresh=0.25, 5058/34520 positive)  Event@100ms  P=0.320  R=0.475  F1=0.383  (58/122 matched, 181 predicted)
  ↑ Saved best to /tmp/run_v8_bce_seed13/best.pth (PR-AUC=0.596)
Epoch  50  loss=0.3894  Frame  P=0.531  R=0.688  F1=0.599  PR-AUC=0.574  (best @ thresh=0.35, 5058/34520 positive)  Event@100ms  P=0.302  R=0.500  F1=0.377  (61/122 matched, 202 predicted)
Epoch  51  loss=0.3727  Frame  P=0.516  R=0.735  F1=0.606  PR-AUC=0.597  (best @ thresh=0.30, 5058/34520 positive)  Event@100ms  P=0.319  R=0.492  F1=0.387  (60/122 matched, 188 predicted)
  ↑ Saved best to /tmp/run_v8_bce_seed13/best.pth (PR-AUC=0.597)
Epoch  52  loss=0.3756  Frame  P=0.548  R=0.686  F1=0.609  PR-AUC=0.599  (best @ thresh=0.35, 5058/34520 positive)  Event@100ms  P=0.356  R=0.525  F1=0.424  (64/122 matched, 180 predicted)
  ↑ Saved best to /tmp/run_v8_bce_seed13/best.pth (PR-AUC=0.599)
Epoch  53  loss=0.3869  Frame  P=0.522  R=0.737  F1=0.611  PR-AUC=0.600  (best @ thresh=0.30, 5058/34520 positive)  Event@100ms  P=0.335  R=0.484  F1=0.396  (59/122 matched, 176 predicted)
  ↑ Saved best to /tmp/run_v8_bce_seed13/best.pth (PR-AUC=0.600)
Epoch  54  loss=0.3691  Frame  P=0.484  R=0.752  F1=0.589  PR-AUC=0.570  (best @ thresh=0.25, 5058/34520 positive)  Event@100ms  P=0.327  R=0.566  F1=0.414  (69/122 matched, 211 predicted)
Epoch  55  loss=0.3734  Frame  P=0.503  R=0.744  F1=0.600  PR-AUC=0.601  (best @ thresh=0.25, 5058/34520 positive)  Event@100ms  P=0.305  R=0.475  F1=0.372  (58/122 matched, 190 predicted)
  ↑ Saved best to /tmp/run_v8_bce_seed13/best.pth (PR-AUC=0.601)
Epoch  56  loss=0.3771  Frame  P=0.532  R=0.715  F1=0.610  PR-AUC=0.611  (best @ thresh=0.30, 5058/34520 positive)  Event@100ms  P=0.333  R=0.508  F1=0.403  (62/122 matched, 186 predicted)
  ↑ Saved best to /tmp/run_v8_bce_seed13/best.pth (PR-AUC=0.611)
Epoch  57  loss=0.3706  Frame  P=0.504  R=0.747  F1=0.602  PR-AUC=0.586  (best @ thresh=0.30, 5058/34520 positive)  Event@100ms  P=0.323  R=0.516  F1=0.397  (63/122 matched, 195 predicted)
Epoch  58  loss=0.3749  Frame  P=0.512  R=0.745  F1=0.607  PR-AUC=0.600  (best @ thresh=0.30, 5058/34520 positive)  Event@100ms  P=0.324  R=0.492  F1=0.391  (60/122 matched, 185 predicted)
Epoch  59  loss=0.3630  Frame  P=0.505  R=0.767  F1=0.609  PR-AUC=0.612  (best @ thresh=0.30, 5058/34520 positive)  Event@100ms  P=0.337  R=0.516  F1=0.408  (63/122 matched, 187 predicted)
  ↑ Saved best to /tmp/run_v8_bce_seed13/best.pth (PR-AUC=0.612)
Epoch  60  loss=0.3482  Frame  P=0.536  R=0.708  F1=0.610  PR-AUC=0.611  (best @ thresh=0.25, 5058/34520 positive)  Event@100ms  P=0.349  R=0.484  F1=0.405  (59/122 matched, 169 predicted)
Epoch  61  loss=0.3817  Frame  P=0.548  R=0.692  F1=0.611  PR-AUC=0.606  (best @ thresh=0.35, 5058/34520 positive)  Event@100ms  P=0.339  R=0.516  F1=0.409  (63/122 matched, 186 predicted)
Epoch  62  loss=0.3722  Frame  P=0.521  R=0.736  F1=0.610  PR-AUC=0.599  (best @ thresh=0.30, 5058/34520 positive)  Event@100ms  P=0.326  R=0.475  F1=0.387  (58/122 matched, 178 predicted)
Epoch  63  loss=0.3740  Frame  P=0.538  R=0.715  F1=0.614  PR-AUC=0.608  (best @ thresh=0.30, 5058/34520 positive)  Event@100ms  P=0.324  R=0.492  F1=0.391  (60/122 matched, 185 predicted)
Epoch  64  loss=0.3879  Frame  P=0.529  R=0.733  F1=0.615  PR-AUC=0.607  (best @ thresh=0.35, 5058/34520 positive)  Event@100ms  P=0.328  R=0.500  F1=0.396  (61/122 matched, 186 predicted)
Epoch  65  loss=0.3818  Frame  P=0.557  R=0.686  F1=0.615  PR-AUC=0.609  (best @ thresh=0.35, 5058/34520 positive)  Event@100ms  P=0.335  R=0.516  F1=0.406  (63/122 matched, 188 predicted)
Epoch  66  loss=0.3730  Frame  P=0.530  R=0.732  F1=0.614  PR-AUC=0.614  (best @ thresh=0.30, 5058/34520 positive)  Event@100ms  P=0.363  R=0.508  F1=0.423  (62/122 matched, 171 predicted)
  ↑ Saved best to /tmp/run_v8_bce_seed13/best.pth (PR-AUC=0.614)
Epoch  67  loss=0.3751  Frame  P=0.525  R=0.740  F1=0.614  PR-AUC=0.615  (best @ thresh=0.30, 5058/34520 positive)  Event@100ms  P=0.355  R=0.500  F1=0.415  (61/122 matched, 172 predicted)
  ↑ Saved best to /tmp/run_v8_bce_seed13/best.pth (PR-AUC=0.615)
Epoch  68  loss=0.3492  Frame  P=0.562  R=0.687  F1=0.618  PR-AUC=0.614  (best @ thresh=0.35, 5058/34520 positive)  Event@100ms  P=0.339  R=0.525  F1=0.412  (64/122 matched, 189 predicted)
Epoch  69  loss=0.3733  Frame  P=0.561  R=0.688  F1=0.618  PR-AUC=0.613  (best @ thresh=0.35, 5058/34520 positive)  Event@100ms  P=0.340  R=0.525  F1=0.413  (64/122 matched, 188 predicted)
Epoch  70  loss=0.3591  Frame  P=0.566  R=0.679  F1=0.617  PR-AUC=0.615  (best @ thresh=0.35, 5058/34520 positive)  Event@100ms  P=0.333  R=0.516  F1=0.405  (63/122 matched, 189 predicted)
Epoch  71  loss=0.3738  Frame  P=0.532  R=0.722  F1=0.612  PR-AUC=0.603  (best @ thresh=0.40, 5058/34520 positive)  Event@100ms  P=0.319  R=0.484  F1=0.384  (59/122 matched, 185 predicted)
Epoch  72  loss=0.3945  Frame  P=0.525  R=0.732  F1=0.611  PR-AUC=0.597  (best @ thresh=0.25, 5058/34520 positive)  Event@100ms  P=0.318  R=0.459  F1=0.376  (56/122 matched, 176 predicted)
Epoch  73  loss=0.4009  Frame  P=0.483  R=0.770  F1=0.593  PR-AUC=0.589  (best @ thresh=0.35, 5058/34520 positive)  Event@100ms  P=0.276  R=0.443  F1=0.340  (54/122 matched, 196 predicted)
Epoch  74  loss=0.3855  Frame  P=0.543  R=0.711  F1=0.616  PR-AUC=0.623  (best @ thresh=0.30, 5058/34520 positive)  Event@100ms  P=0.345  R=0.492  F1=0.405  (60/122 matched, 174 predicted)
  ↑ Saved best to /tmp/run_v8_bce_seed13/best.pth (PR-AUC=0.623)
Epoch  75  loss=0.3745  Frame  P=0.527  R=0.698  F1=0.600  PR-AUC=0.587  (best @ thresh=0.35, 5058/34520 positive)  Event@100ms  P=0.339  R=0.516  F1=0.409  (63/122 matched, 186 predicted)
Epoch  76  loss=0.3788  Frame  P=0.549  R=0.695  F1=0.614  PR-AUC=0.610  (best @ thresh=0.30, 5058/34520 positive)  Event@100ms  P=0.363  R=0.500  F1=0.421  (61/122 matched, 168 predicted)
Epoch  77  loss=0.3909  Frame  P=0.494  R=0.750  F1=0.595  PR-AUC=0.611  (best @ thresh=0.25, 5058/34520 positive)  Event@100ms  P=0.317  R=0.434  F1=0.367  (53/122 matched, 167 predicted)
Epoch  78  loss=0.3969  Frame  P=0.500  R=0.765  F1=0.605  PR-AUC=0.606  (best @ thresh=0.25, 5058/34520 positive)  Event@100ms  P=0.333  R=0.475  F1=0.392  (58/122 matched, 174 predicted)
Epoch  79  loss=0.3689  Frame  P=0.513  R=0.690  F1=0.589  PR-AUC=0.598  (best @ thresh=0.25, 5058/34520 positive)  Event@100ms  P=0.337  R=0.492  F1=0.400  (60/122 matched, 178 predicted)
Epoch  80  loss=0.3850  Frame  P=0.533  R=0.707  F1=0.608  PR-AUC=0.616  (best @ thresh=0.35, 5058/34520 positive)  Event@100ms  P=0.363  R=0.533  F1=0.432  (65/122 matched, 179 predicted)
Epoch  81  loss=0.3633  Frame  P=0.546  R=0.676  F1=0.604  PR-AUC=0.608  (best @ thresh=0.30, 5058/34520 positive)  Event@100ms  P=0.351  R=0.533  F1=0.423  (65/122 matched, 185 predicted)
Epoch  82  loss=0.3797  Frame  P=0.557  R=0.684  F1=0.614  PR-AUC=0.623  (best @ thresh=0.35, 5058/34520 positive)  Event@100ms  P=0.361  R=0.459  F1=0.404  (56/122 matched, 155 predicted)
Epoch  83  loss=0.4083  Frame  P=0.538  R=0.688  F1=0.604  PR-AUC=0.609  (best @ thresh=0.35, 5058/34520 positive)  Event@100ms  P=0.375  R=0.541  F1=0.443  (66/122 matched, 176 predicted)
Epoch  84  loss=0.3802  Frame  P=0.495  R=0.756  F1=0.598  PR-AUC=0.615  (best @ thresh=0.25, 5058/34520 positive)  Event@100ms  P=0.320  R=0.508  F1=0.392  (62/122 matched, 194 predicted)
Epoch  85  loss=0.3873  Frame  P=0.538  R=0.719  F1=0.615  PR-AUC=0.617  (best @ thresh=0.25, 5058/34520 positive)  Event@100ms  P=0.367  R=0.541  F1=0.437  (66/122 matched, 180 predicted)
Epoch  86  loss=0.3806  Frame  P=0.519  R=0.742  F1=0.611  PR-AUC=0.628  (best @ thresh=0.35, 5058/34520 positive)  Event@100ms  P=0.326  R=0.508  F1=0.397  (62/122 matched, 190 predicted)
  ↑ Saved best to /tmp/run_v8_bce_seed13/best.pth (PR-AUC=0.628)
Epoch  87  loss=0.3837  Frame  P=0.547  R=0.712  F1=0.619  PR-AUC=0.634  (best @ thresh=0.30, 5058/34520 positive)  Event@100ms  P=0.350  R=0.525  F1=0.420  (64/122 matched, 183 predicted)
  ↑ Saved best to /tmp/run_v8_bce_seed13/best.pth (PR-AUC=0.634)
Epoch  88  loss=0.3755  Frame  P=0.552  R=0.676  F1=0.608  PR-AUC=0.616  (best @ thresh=0.30, 5058/34520 positive)  Event@100ms  P=0.372  R=0.475  F1=0.417  (58/122 matched, 156 predicted)
Epoch  89  loss=0.3778  Frame  P=0.537  R=0.734  F1=0.620  PR-AUC=0.633  (best @ thresh=0.30, 5058/34520 positive)  Event@100ms  P=0.358  R=0.484  F1=0.411  (59/122 matched, 165 predicted)
Epoch  90  loss=0.3750  Frame  P=0.556  R=0.697  F1=0.618  PR-AUC=0.625  (best @ thresh=0.35, 5058/34520 positive)  Event@100ms  P=0.379  R=0.500  F1=0.431  (61/122 matched, 161 predicted)
Epoch  91  loss=0.3935  Frame  P=0.506  R=0.722  F1=0.595  PR-AUC=0.603  (best @ thresh=0.40, 5058/34520 positive)  Event@100ms  P=0.344  R=0.525  F1=0.416  (64/122 matched, 186 predicted)
Epoch  92  loss=0.3604  Frame  P=0.510  R=0.731  F1=0.601  PR-AUC=0.607  (best @ thresh=0.35, 5058/34520 positive)  Event@100ms  P=0.341  R=0.492  F1=0.403  (60/122 matched, 176 predicted)
Epoch  93  loss=0.3798  Frame  P=0.566  R=0.658  F1=0.609  PR-AUC=0.632  (best @ thresh=0.35, 5058/34520 positive)  Event@100ms  P=0.363  R=0.541  F1=0.434  (66/122 matched, 182 predicted)
Epoch  94  loss=0.3761  Frame  P=0.548  R=0.639  F1=0.590  PR-AUC=0.583  (best @ thresh=0.30, 5058/34520 positive)  Event@100ms  P=0.320  R=0.525  F1=0.398  (64/122 matched, 200 predicted)
Epoch  95  loss=0.3650  Frame  P=0.531  R=0.696  F1=0.602  PR-AUC=0.622  (best @ thresh=0.40, 5058/34520 positive)  Event@100ms  P=0.342  R=0.516  F1=0.412  (63/122 matched, 184 predicted)
Epoch  96  loss=0.3689  Frame  P=0.551  R=0.670  F1=0.604  PR-AUC=0.606  (best @ thresh=0.35, 5058/34520 positive)  Event@100ms  P=0.356  R=0.475  F1=0.407  (58/122 matched, 163 predicted)
Epoch  97  loss=0.3786  Frame  P=0.495  R=0.772  F1=0.604  PR-AUC=0.563  (best @ thresh=0.35, 5058/34520 positive)  Event@100ms  P=0.328  R=0.508  F1=0.399  (62/122 matched, 189 predicted)
Epoch  98  loss=0.3775  Frame  P=0.521  R=0.688  F1=0.593  PR-AUC=0.608  (best @ thresh=0.40, 5058/34520 positive)  Event@100ms  P=0.357  R=0.541  F1=0.430  (66/122 matched, 185 predicted)
Epoch  99  loss=0.3608  Frame  P=0.593  R=0.592  F1=0.592  PR-AUC=0.606  (best @ thresh=0.45, 5058/34520 positive)  Event@100ms  P=0.359  R=0.451  F1=0.400  (55/122 matched, 153 predicted)
Epoch 100  loss=0.3679  Frame  P=0.515  R=0.711  F1=0.597  PR-AUC=0.612  (best @ thresh=0.35, 5058/34520 positive)  Event@100ms  P=0.342  R=0.549  F1=0.421  (67/122 matched, 196 predicted)
Epoch 101  loss=0.3592  Frame  P=0.561  R=0.615  F1=0.587  PR-AUC=0.607  (best @ thresh=0.40, 5058/34520 positive)  Event@100ms  P=0.349  R=0.475  F1=0.403  (58/122 matched, 166 predicted)
Epoch 102  loss=0.3816  Frame  P=0.521  R=0.713  F1=0.602  PR-AUC=0.625  (best @ thresh=0.30, 5058/34520 positive)  Event@100ms  P=0.361  R=0.541  F1=0.433  (66/122 matched, 183 predicted)
Epoch 103  loss=0.3771  Frame  P=0.525  R=0.697  F1=0.599  PR-AUC=0.616  (best @ thresh=0.35, 5058/34520 positive)  Event@100ms  P=0.345  R=0.549  F1=0.424  (67/122 matched, 194 predicted)
Epoch 104  loss=0.3802  Frame  P=0.481  R=0.799  F1=0.601  PR-AUC=0.618  (best @ thresh=0.25, 5058/34520 positive)  Event@100ms  P=0.308  R=0.459  F1=0.368  (56/122 matched, 182 predicted)
Epoch 105  loss=0.3708  Frame  P=0.548  R=0.679  F1=0.607  PR-AUC=0.622  (best @ thresh=0.35, 5058/34520 positive)  Event@100ms  P=0.351  R=0.557  F1=0.430  (68/122 matched, 194 predicted)
Epoch 106  loss=0.3536  Frame  P=0.523  R=0.724  F1=0.607  PR-AUC=0.624  (best @ thresh=0.35, 5058/34520 positive)  Event@100ms  P=0.382  R=0.541  F1=0.447  (66/122 matched, 173 predicted)
Epoch 107  loss=0.3787  Frame  P=0.559  R=0.687  F1=0.617  PR-AUC=0.649  (best @ thresh=0.35, 5058/34520 positive)  Event@100ms  P=0.369  R=0.533  F1=0.436  (65/122 matched, 176 predicted)
  ↑ Saved best to /tmp/run_v8_bce_seed13/best.pth (PR-AUC=0.649)
Epoch 108  loss=0.3615  Frame  P=0.598  R=0.626  F1=0.612  PR-AUC=0.635  (best @ thresh=0.30, 5058/34520 positive)  Event@100ms  P=0.361  R=0.492  F1=0.417  (60/122 matched, 166 predicted)
Epoch 109  loss=0.3736  Frame  P=0.536  R=0.680  F1=0.599  PR-AUC=0.623  (best @ thresh=0.40, 5058/34520 positive)  Event@100ms  P=0.354  R=0.525  F1=0.422  (64/122 matched, 181 predicted)
Epoch 110  loss=0.3633  Frame  P=0.545  R=0.649  F1=0.592  PR-AUC=0.604  (best @ thresh=0.45, 5058/34520 positive)  Event@100ms  P=0.352  R=0.516  F1=0.419  (63/122 matched, 179 predicted)
Epoch 111  loss=0.3764  Frame  P=0.529  R=0.681  F1=0.595  PR-AUC=0.616  (best @ thresh=0.40, 5058/34520 positive)  Event@100ms  P=0.347  R=0.549  F1=0.425  (67/122 matched, 193 predicted)
Epoch 112  loss=0.3647  Frame  P=0.524  R=0.707  F1=0.602  PR-AUC=0.622  (best @ thresh=0.35, 5058/34520 positive)  Event@100ms  P=0.348  R=0.566  F1=0.431  (69/122 matched, 198 predicted)
Epoch 113  loss=0.3664  Frame  P=0.523  R=0.681  F1=0.592  PR-AUC=0.612  (best @ thresh=0.40, 5058/34520 positive)  Event@100ms  P=0.314  R=0.533  F1=0.395  (65/122 matched, 207 predicted)
Epoch 114  loss=0.3844  Frame  P=0.545  R=0.665  F1=0.599  PR-AUC=0.599  (best @ thresh=0.45, 5058/34520 positive)  Event@100ms  P=0.361  R=0.533  F1=0.430  (65/122 matched, 180 predicted)
Epoch 115  loss=0.3656  Frame  P=0.555  R=0.676  F1=0.609  PR-AUC=0.633  (best @ thresh=0.40, 5058/34520 positive)  Event@100ms  P=0.360  R=0.549  F1=0.435  (67/122 matched, 186 predicted)
Epoch 116  loss=0.3541  Frame  P=0.537  R=0.654  F1=0.590  PR-AUC=0.594  (best @ thresh=0.40, 5058/34520 positive)  Event@100ms  P=0.340  R=0.533  F1=0.415  (65/122 matched, 191 predicted)
Epoch 117  loss=0.3706  Frame  P=0.547  R=0.700  F1=0.614  PR-AUC=0.641  (best @ thresh=0.35, 5058/34520 positive)  Event@100ms  P=0.376  R=0.525  F1=0.438  (64/122 matched, 170 predicted)
Epoch 118  loss=0.3786  Frame  P=0.552  R=0.684  F1=0.611  PR-AUC=0.626  (best @ thresh=0.30, 5058/34520 positive)  Event@100ms  P=0.364  R=0.549  F1=0.438  (67/122 matched, 184 predicted)
Epoch 119  loss=0.3644  Frame  P=0.521  R=0.729  F1=0.608  PR-AUC=0.637  (best @ thresh=0.30, 5058/34520 positive)  Event@100ms  P=0.330  R=0.516  F1=0.403  (63/122 matched, 191 predicted)
Epoch 120  loss=0.3744  Frame  P=0.505  R=0.727  F1=0.596  PR-AUC=0.620  (best @ thresh=0.35, 5058/34520 positive)  Event@100ms  P=0.361  R=0.574  F1=0.443  (70/122 matched, 194 predicted)
Epoch 121  loss=0.3687  Frame  P=0.533  R=0.671  F1=0.594  PR-AUC=0.625  (best @ thresh=0.40, 5058/34520 positive)  Event@100ms  P=0.323  R=0.516  F1=0.397  (63/122 matched, 195 predicted)
Epoch 122  loss=0.3620  Frame  P=0.510  R=0.696  F1=0.589  PR-AUC=0.619  (best @ thresh=0.30, 5058/34520 positive)  Event@100ms  P=0.323  R=0.525  F1=0.400  (64/122 matched, 198 predicted)
Epoch 123  loss=0.3633  Frame  P=0.491  R=0.761  F1=0.597  PR-AUC=0.624  (best @ thresh=0.30, 5058/34520 positive)  Event@100ms  P=0.327  R=0.541  F1=0.407  (66/122 matched, 202 predicted)
Epoch 124  loss=0.3531  Frame  P=0.512  R=0.723  F1=0.599  PR-AUC=0.617  (best @ thresh=0.30, 5058/34520 positive)  Event@100ms  P=0.353  R=0.541  F1=0.427  (66/122 matched, 187 predicted)
Epoch 125  loss=0.3614  Frame  P=0.517  R=0.743  F1=0.610  PR-AUC=0.635  (best @ thresh=0.30, 5058/34520 positive)  Event@100ms  P=0.374  R=0.557  F1=0.447  (68/122 matched, 182 predicted)
Epoch 126  loss=0.3638  Frame  P=0.561  R=0.652  F1=0.603  PR-AUC=0.627  (best @ thresh=0.35, 5058/34520 positive)  Event@100ms  P=0.339  R=0.508  F1=0.407  (62/122 matched, 183 predicted)
Epoch 127  loss=0.3534  Frame  P=0.581  R=0.628  F1=0.603  PR-AUC=0.627  (best @ thresh=0.40, 5058/34520 positive)  Event@100ms  P=0.337  R=0.492  F1=0.400  (60/122 matched, 178 predicted)
Epoch 128  loss=0.3677  Frame  P=0.540  R=0.679  F1=0.601  PR-AUC=0.632  (best @ thresh=0.35, 5058/34520 positive)  Event@100ms  P=0.357  R=0.541  F1=0.430  (66/122 matched, 185 predicted)
Epoch 129  loss=0.3564  Frame  P=0.549  R=0.661  F1=0.600  PR-AUC=0.626  (best @ thresh=0.35, 5058/34520 positive)  Event@100ms  P=0.361  R=0.533  F1=0.430  (65/122 matched, 180 predicted)
Epoch 130  loss=0.3630  Frame  P=0.532  R=0.684  F1=0.599  PR-AUC=0.628  (best @ thresh=0.35, 5058/34520 positive)  Event@100ms  P=0.364  R=0.549  F1=0.438  (67/122 matched, 184 predicted)
Epoch 131  loss=0.3642  Frame  P=0.564  R=0.664  F1=0.610  PR-AUC=0.636  (best @ thresh=0.35, 5058/34520 positive)  Event@100ms  P=0.376  R=0.549  F1=0.447  (67/122 matched, 178 predicted)
Epoch 132  loss=0.3485  Frame  P=0.543  R=0.701  F1=0.612  PR-AUC=0.644  (best @ thresh=0.35, 5058/34520 positive)  Event@100ms  P=0.367  R=0.541  F1=0.437  (66/122 matched, 180 predicted)
Epoch 133  loss=0.3840  Frame  P=0.542  R=0.685  F1=0.605  PR-AUC=0.634  (best @ thresh=0.35, 5058/34520 positive)  Event@100ms  P=0.359  R=0.541  F1=0.431  (66/122 matched, 184 predicted)
Epoch 134  loss=0.3524  Frame  P=0.546  R=0.666  F1=0.600  PR-AUC=0.633  (best @ thresh=0.35, 5058/34520 positive)  Event@100ms  P=0.349  R=0.541  F1=0.424  (66/122 matched, 189 predicted)
Epoch 135  loss=0.3721  Frame  P=0.529  R=0.700  F1=0.603  PR-AUC=0.633  (best @ thresh=0.35, 5058/34520 positive)  Event@100ms  P=0.358  R=0.549  F1=0.434  (67/122 matched, 187 predicted)
Epoch 136  loss=0.3642  Frame  P=0.587  R=0.615  F1=0.601  PR-AUC=0.633  (best @ thresh=0.35, 5058/34520 positive)  Event@100ms  P=0.358  R=0.516  F1=0.423  (63/122 matched, 176 predicted)
Epoch 137  loss=0.3664  Frame  P=0.597  R=0.604  F1=0.600  PR-AUC=0.637  (best @ thresh=0.40, 5058/34520 positive)  Event@100ms  P=0.309  R=0.443  F1=0.364  (54/122 matched, 175 predicted)
Epoch 138  loss=0.3479  Frame  P=0.561  R=0.666  F1=0.609  PR-AUC=0.638  (best @ thresh=0.35, 5058/34520 positive)  Event@100ms  P=0.376  R=0.525  F1=0.438  (64/122 matched, 170 predicted)
Epoch 139  loss=0.3635  Frame  P=0.575  R=0.638  F1=0.605  PR-AUC=0.632  (best @ thresh=0.35, 5058/34520 positive)  Event@100ms  P=0.348  R=0.508  F1=0.413  (62/122 matched, 178 predicted)
Epoch 140  loss=0.3477  Frame  P=0.574  R=0.642  F1=0.606  PR-AUC=0.633  (best @ thresh=0.35, 5058/34520 positive)  Event@100ms  P=0.354  R=0.508  F1=0.418  (62/122 matched, 175 predicted)
Epoch 141  loss=0.3697  Frame  P=0.555  R=0.663  F1=0.604  PR-AUC=0.633  (best @ thresh=0.35, 5058/34520 positive)  Event@100ms  P=0.365  R=0.533  F1=0.433  (65/122 matched, 178 predicted)
Epoch 142  loss=0.3612  Frame  P=0.552  R=0.676  F1=0.607  PR-AUC=0.635  (best @ thresh=0.35, 5058/34520 positive)  Event@100ms  P=0.362  R=0.516  F1=0.426  (63/122 matched, 174 predicted)
Epoch 143  loss=0.3525  Frame  P=0.559  R=0.668  F1=0.609  PR-AUC=0.637  (best @ thresh=0.35, 5058/34520 positive)  Event@100ms  P=0.362  R=0.516  F1=0.426  (63/122 matched, 174 predicted)
Epoch 144  loss=0.3506  Frame  P=0.566  R=0.661  F1=0.610  PR-AUC=0.637  (best @ thresh=0.35, 5058/34520 positive)  Event@100ms  P=0.356  R=0.516  F1=0.421  (63/122 matched, 177 predicted)
Epoch 145  loss=0.3378  Frame  P=0.574  R=0.652  F1=0.610  PR-AUC=0.638  (best @ thresh=0.35, 5058/34520 positive)  Event@100ms  P=0.348  R=0.508  F1=0.413  (62/122 matched, 178 predicted)
Epoch 146  loss=0.3365  Frame  P=0.580  R=0.650  F1=0.613  PR-AUC=0.641  (best @ thresh=0.35, 5058/34520 positive)  Event@100ms  P=0.346  R=0.508  F1=0.412  (62/122 matched, 179 predicted)
Epoch 147  loss=0.3564  Frame  P=0.558  R=0.676  F1=0.611  PR-AUC=0.639  (best @ thresh=0.35, 5058/34520 positive)  Event@100ms  P=0.366  R=0.516  F1=0.429  (63/122 matched, 172 predicted)
Epoch 148  loss=0.3655  Frame  P=0.558  R=0.676  F1=0.611  PR-AUC=0.640  (best @ thresh=0.35, 5058/34520 positive)  Event@100ms  P=0.366  R=0.516  F1=0.429  (63/122 matched, 172 predicted)
Epoch 149  loss=0.3743  Frame  P=0.559  R=0.672  F1=0.610  PR-AUC=0.638  (best @ thresh=0.35, 5058/34520 positive)  Event@100ms  P=0.362  R=0.516  F1=0.426  (63/122 matched, 174 predicted)
Epoch 150  loss=0.3567  Frame  P=0.555  R=0.673  F1=0.609  PR-AUC=0.635  (best @ thresh=0.35, 5058/34520 positive)  Event@100ms  P=0.362  R=0.516  F1=0.426  (63/122 matched, 174 predicted)

Best val PR-AUC: 0.649
Best checkpoint: /tmp/run_v8_bce_seed13/best.pth
